<?xml version="1.0" encoding="UTF-8"?>
<!-- Generated by org.testng.reporters.JUnitReportReporter -->
<testsuite skipped="0" hostname="IT-PC11" name="AccTran.Payment_Double_Entry" tests="9" failures="0" timestamp="04 Mar 2020 09:49:54 GMT" time="53.442" errors="0">
  <testcase name="searchCompany" time="31.338" classname="AccTran.Payment_Double_Entry"/>
  <testcase name="createpayDte" time="8.616" classname="AccTran.Payment_Double_Entry"/>
  <testcase name="PayMode" time="0.117" classname="AccTran.Payment_Double_Entry"/>
  <testcase name="Serled" time="8.777" classname="AccTran.Payment_Double_Entry"/>
  <testcase name="Dbt" time="0.579" classname="AccTran.Payment_Double_Entry"/>
  <testcase name="Adjwindow" time="1.387" classname="AccTran.Payment_Double_Entry"/>
  <testcase name="CRDR" time="0.319" classname="AccTran.Payment_Double_Entry"/>
  <testcase name="amnt2" time="2.126" classname="AccTran.Payment_Double_Entry"/>
  <testcase name="save" time="0.183" classname="AccTran.Payment_Double_Entry"/>
</testsuite> <!-- AccTran.Payment_Double_Entry -->
