<?xml version="1.0" encoding="UTF-8"?>
<!-- Generated by org.testng.reporters.JUnitReportReporter -->
<testsuite skipped="0" hostname="IT-PC11" name="AccTran.Reciept_single_Entry" tests="8" failures="0" timestamp="28 Feb 2020 05:08:43 GMT" time="63.077" errors="0">
  <testcase name="searchCompany" time="24.496" classname="AccTran.Reciept_single_Entry"/>
  <testcase name="setting" time="5.412" classname="AccTran.Reciept_single_Entry"/>
  <testcase name="createVoucherEntry" time="12.703" classname="AccTran.Reciept_single_Entry"/>
  <testcase name="intno" time="0.571" classname="AccTran.Reciept_single_Entry"/>
  <testcase name="Amount1" time="0.541" classname="AccTran.Reciept_single_Entry"/>
  <testcase name="shortex" time="5.605" classname="AccTran.Reciept_single_Entry"/>
  <testcase name="mode" time="13.506" classname="AccTran.Reciept_single_Entry"/>
  <testcase name="Save" time="0.243" classname="AccTran.Reciept_single_Entry"/>
</testsuite> <!-- AccTran.Reciept_single_Entry -->
