<?xml version="1.0" encoding="UTF-8"?>
<!-- Generated by org.testng.reporters.JUnitReportReporter -->
<testsuite skipped="0" hostname="IT-PC11" name="AccTran.Credit_Note_New" tests="9" failures="0" timestamp="16 Mar 2020 06:38:40 GMT" time="123.499" errors="0">
  <testcase name="searchCompany" time="31.876" classname="AccTran.Credit_Note_New"/>
  <testcase name="date" time="3.536" classname="AccTran.Credit_Note_New"/>
  <testcase name="vochr" time="0.169" classname="AccTran.Credit_Note_New"/>
  <testcase name="ledSelection" time="34.904" classname="AccTran.Credit_Note_New"/>
  <testcase name="DebitAmount" time="20.640" classname="AccTran.Credit_Note_New"/>
  <testcase name="adjustment" time="2.732" classname="AccTran.Credit_Note_New"/>
  <testcase name="DrD" time="9.273" classname="AccTran.Credit_Note_New"/>
  <testcase name="DrAmount" time="20.256" classname="AccTran.Credit_Note_New"/>
  <testcase name="nartion" time="0.113" classname="AccTran.Credit_Note_New"/>
</testsuite> <!-- AccTran.Credit_Note_New -->
