<?xml version="1.0" encoding="UTF-8"?>
<!-- Generated by org.testng.reporters.JUnitReportReporter -->
<testsuite skipped="0" hostname="DESKTOP-NM11PC" name="AccTran.Journal_New" tests="11" failures="0" timestamp="27 Mar 2020 07:35:35 GMT" time="194.657" errors="0">
  <testcase name="searchCompany" time="27.190" classname="AccTran.Journal_New"/>
  <testcase name="date" time="3.839" classname="AccTran.Journal_New"/>
  <testcase name="vochr" time="0.294" classname="AccTran.Journal_New"/>
  <testcase name="seledger" time="48.809" classname="AccTran.Journal_New"/>
  <testcase name="instTy" time="40.128" classname="AccTran.Journal_New"/>
  <testcase name="DebitAmount" time="0.718" classname="AccTran.Journal_New"/>
  <testcase name="adjustment" time="1.550" classname="AccTran.Journal_New"/>
  <testcase name="SecondRow" time="9.664" classname="AccTran.Journal_New"/>
  <testcase name="inst2" time="40.123" classname="AccTran.Journal_New"/>
  <testcase name="Amnt" time="20.732" classname="AccTran.Journal_New"/>
  <testcase name="cradjust" time="1.610" classname="AccTran.Journal_New"/>
</testsuite> <!-- AccTran.Journal_New -->
