<?xml version="1.0" encoding="UTF-8"?>
<!-- Generated by org.testng.reporters.JUnitReportReporter -->
<testsuite skipped="0" hostname="IT-PC11" name="Inventory_Transaction.Counter_Sale" tests="1" failures="0" timestamp="11 Mar 2020 08:41:03 GMT" time="10.993" errors="0">
  <testcase name="action" time="10.993" classname="Inventory_Transaction.Counter_Sale"/>
</testsuite> <!-- Inventory_Transaction.Counter_Sale -->
