<?xml version="1.0" encoding="UTF-8"?>
<!-- Generated by org.testng.reporters.JUnitReportReporter -->
<testsuite skipped="0" hostname="IT-PC11" name="AccTran.Debit_Note_New" tests="10" failures="0" timestamp="14 Mar 2020 06:06:09 GMT" time="92.514" errors="0">
  <testcase name="searchCompany" time="24.326" classname="AccTran.Debit_Note_New"/>
  <testcase name="date" time="3.766" classname="AccTran.Debit_Note_New"/>
  <testcase name="vochr" time="0.216" classname="AccTran.Debit_Note_New"/>
  <testcase name="ledSelection" time="29.577" classname="AccTran.Debit_Note_New"/>
  <testcase name="DebitAmount" time="0.819" classname="AccTran.Debit_Note_New"/>
  <testcase name="adjustment" time="1.525" classname="AccTran.Debit_Note_New"/>
  <testcase name="CrAmt" time="11.522" classname="AccTran.Debit_Note_New"/>
  <testcase name="DrAmount" time="20.334" classname="AccTran.Debit_Note_New"/>
  <testcase name="Narration" time="0.210" classname="AccTran.Debit_Note_New"/>
  <testcase name="Save" time="0.219" classname="AccTran.Debit_Note_New"/>
</testsuite> <!-- AccTran.Debit_Note_New -->
