<?xml version="1.0" encoding="UTF-8"?>
<!-- Generated by org.testng.reporters.JUnitReportReporter -->
<testsuite skipped="0" hostname="IT-PC11" name="InventoryMaster.Hsn_San_new" tests="5" failures="0" timestamp="05 Mar 2020 08:45:12 GMT" time="10.815" errors="0">
  <testcase name="action" time="8.567" classname="InventoryMaster.Hsn_San_new"/>
  <testcase name="newb" time="0.419" classname="InventoryMaster.Hsn_San_new"/>
  <testcase name="code" time="0.531" classname="InventoryMaster.Hsn_San_new"/>
  <testcase name="name" time="0.623" classname="InventoryMaster.Hsn_San_new"/>
  <testcase name="save" time="0.675" classname="InventoryMaster.Hsn_San_new"/>
</testsuite> <!-- InventoryMaster.Hsn_San_new -->
