<?xml version="1.0" encoding="UTF-8"?>
<!-- Generated by org.testng.reporters.JUnitReportReporter -->
<testsuite skipped="0" hostname="IT-PC11" name="Inventory_Transaction.Purchase_Bill_New" tests="3" failures="0" timestamp="04 Mar 2020 12:19:29 GMT" time="57.859" errors="0">
  <testcase name="action" time="28.205" classname="Inventory_Transaction.Purchase_Bill_New"/>
  <testcase name="createPB" time="16.876" classname="Inventory_Transaction.Purchase_Bill_New"/>
  <testcase name="selectLedger" time="12.778" classname="Inventory_Transaction.Purchase_Bill_New"/>
</testsuite> <!-- Inventory_Transaction.Purchase_Bill_New -->
