<?xml version="1.0" encoding="UTF-8"?>
<!-- Generated by org.testng.reporters.JUnitReportReporter -->
<testsuite skipped="0" hostname="IT-PC11" name="InventoryMaster.Groupmaster_new" tests="4" failures="0" timestamp="12 Mar 2020 05:43:50 GMT" time="10.817" errors="0">
  <testcase name="action" time="9.171" classname="InventoryMaster.Groupmaster_new"/>
  <testcase name="newb" time="0.456" classname="InventoryMaster.Groupmaster_new"/>
  <testcase name="name" time="0.701" classname="InventoryMaster.Groupmaster_new"/>
  <testcase name="save" time="0.489" classname="InventoryMaster.Groupmaster_new"/>
</testsuite> <!-- InventoryMaster.Groupmaster_new -->
