<?xml version="1.0" encoding="UTF-8"?>
<!-- Generated by org.testng.reporters.JUnitReportReporter -->
<testsuite skipped="0" hostname="DESKTOP-NM11PC" name="Rough.Sale_Return_Challan" tests="3" failures="0" timestamp="06 Apr 2020 12:05:07 GMT" time="27.825" errors="0">
  <testcase name="action" time="16.825" classname="Rough.Sale_Return_Challan"/>
  <testcase name="Date" time="4.886" classname="Rough.Sale_Return_Challan"/>
  <testcase name="Askledger" time="6.114" classname="Rough.Sale_Return_Challan"/>
</testsuite> <!-- Rough.Sale_Return_Challan -->
