<?xml version="1.0" encoding="UTF-8"?>
<!-- Generated by org.testng.reporters.JUnitReportReporter -->
<testsuite skipped="0" hostname="IT-PC11" name="Inventory_Transaction.Sale_Bill_Settings" tests="30" failures="0" timestamp="17 Feb 2020 07:29:23 GMT" time="57.267" errors="0">
  <testcase name="action" time="16.071" classname="Inventory_Transaction.Sale_Bill_Settings"/>
  <testcase name="ControlOpen" time="5.186" classname="Inventory_Transaction.Sale_Bill_Settings"/>
  <testcase name="askBilling" time="0.380" classname="Inventory_Transaction.Sale_Bill_Settings"/>
  <testcase name="asksaletype" time="0.329" classname="Inventory_Transaction.Sale_Bill_Settings"/>
  <testcase name="ASkNetRate" time="0.249" classname="Inventory_Transaction.Sale_Bill_Settings"/>
  <testcase name="MFG" time="4.660" classname="Inventory_Transaction.Sale_Bill_Settings"/>
  <testcase name="AmountCalc" time="1.204" classname="Inventory_Transaction.Sale_Bill_Settings"/>
  <testcase name="MrFrom" time="0.453" classname="Inventory_Transaction.Sale_Bill_Settings"/>
  <testcase name="Lastdeal" time="1.321" classname="Inventory_Transaction.Sale_Bill_Settings"/>
  <testcase name="AskBillAndItem" time="4.045" classname="Inventory_Transaction.Sale_Bill_Settings"/>
  <testcase name="repeat" time="0.407" classname="Inventory_Transaction.Sale_Bill_Settings"/>
  <testcase name="Zreo" time="0.642" classname="Inventory_Transaction.Sale_Bill_Settings"/>
  <testcase name="windowindex" time="1.546" classname="Inventory_Transaction.Sale_Bill_Settings"/>
  <testcase name="cursor" time="1.162" classname="Inventory_Transaction.Sale_Bill_Settings"/>
  <testcase name="batch" time="0.312" classname="Inventory_Transaction.Sale_Bill_Settings"/>
  <testcase name="free" time="2.702" classname="Inventory_Transaction.Sale_Bill_Settings"/>
  <testcase name="freeDec" time="1.559" classname="Inventory_Transaction.Sale_Bill_Settings"/>
  <testcase name="calc" time="1.552" classname="Inventory_Transaction.Sale_Bill_Settings"/>
  <testcase name="lossindic" time="3.667" classname="Inventory_Transaction.Sale_Bill_Settings"/>
  <testcase name="negtivstk" time="2.370" classname="Inventory_Transaction.Sale_Bill_Settings"/>
  <testcase name="bill" time="1.226" classname="Inventory_Transaction.Sale_Bill_Settings"/>
  <testcase name="LoadChallan" time="0.437" classname="Inventory_Transaction.Sale_Bill_Settings"/>
  <testcase name="ChangeRate" time="0.359" classname="Inventory_Transaction.Sale_Bill_Settings"/>
  <testcase name="CahngeDiscount" time="0.328" classname="Inventory_Transaction.Sale_Bill_Settings"/>
  <testcase name="mrR" time="0.266" classname="Inventory_Transaction.Sale_Bill_Settings"/>
  <testcase name="Modeofpay" time="0.572" classname="Inventory_Transaction.Sale_Bill_Settings"/>
  <testcase name="WaitforLed" time="1.445" classname="Inventory_Transaction.Sale_Bill_Settings"/>
  <testcase name="Askparty" time="1.364" classname="Inventory_Transaction.Sale_Bill_Settings"/>
  <testcase name="NegticIndi" time="1.123" classname="Inventory_Transaction.Sale_Bill_Settings"/>
  <testcase name="closeControl" time="0.330" classname="Inventory_Transaction.Sale_Bill_Settings"/>
</testsuite> <!-- Inventory_Transaction.Sale_Bill_Settings -->
