<?xml version="1.0" encoding="UTF-8"?>
<!-- Generated by org.testng.reporters.JUnitReportReporter -->
<testsuite skipped="0" hostname="IT-PC11" name="InventoryMaster.CatigoryMaster_new" tests="4" failures="0" timestamp="12 Mar 2020 05:35:41 GMT" time="8.076" errors="0">
  <testcase name="action" time="7.097" classname="InventoryMaster.CatigoryMaster_new"/>
  <testcase name="newb" time="0.365" classname="InventoryMaster.CatigoryMaster_new"/>
  <testcase name="newcat" time="0.224" classname="InventoryMaster.CatigoryMaster_new"/>
  <testcase name="save" time="0.390" classname="InventoryMaster.CatigoryMaster_new"/>
</testsuite> <!-- InventoryMaster.CatigoryMaster_new -->
