<?xml version="1.0" encoding="UTF-8"?>
<!-- Generated by org.testng.reporters.JUnitReportReporter -->
<testsuite skipped="0" hostname="IT-PC11" name="AccTran.Contra_New" tests="12" failures="0" timestamp="18 Mar 2020 08:32:12 GMT" time="161.981" errors="0">
  <testcase name="searchCompany" time="22.016" classname="AccTran.Contra_New"/>
  <testcase name="date" time="3.576" classname="AccTran.Contra_New"/>
  <testcase name="vochr" time="0.222" classname="AccTran.Contra_New"/>
  <testcase name="Selledger" time="25.605" classname="AccTran.Contra_New"/>
  <testcase name="cashAcc" time="20.085" classname="AccTran.Contra_New"/>
  <testcase name="instTy" time="20.263" classname="AccTran.Contra_New"/>
  <testcase name="DebitAmount" time="20.451" classname="AccTran.Contra_New"/>
  <testcase name="crde" time="9.028" classname="AccTran.Contra_New"/>
  <testcase name="inst2" time="20.195" classname="AccTran.Contra_New"/>
  <testcase name="Debit_CreditAmt" time="20.250" classname="AccTran.Contra_New"/>
  <testcase name="remarks" time="0.147" classname="AccTran.Contra_New"/>
  <testcase name="Sav" time="0.143" classname="AccTran.Contra_New"/>
</testsuite> <!-- AccTran.Contra_New -->
