<?xml version="1.0" encoding="UTF-8"?>
<!-- Generated by org.testng.reporters.JUnitReportReporter -->
<testsuite skipped="0" hostname="DESKTOP-NM11PC" name="Inventory_Transaction.Purchase_challan_new" tests="9" failures="0" timestamp="28 Mar 2020 08:00:57 GMT" time="244.560" errors="0">
  <testcase name="action" time="17.039" classname="Inventory_Transaction.Purchase_challan_new"/>
  <testcase name="createPc" time="9.283" classname="Inventory_Transaction.Purchase_challan_new"/>
  <testcase name="selectLedger" time="26.697" classname="Inventory_Transaction.Purchase_challan_new"/>
  <testcase name="challanNo" time="0.526" classname="Inventory_Transaction.Purchase_challan_new"/>
  <testcase name="Purtype" time="0.282" classname="Inventory_Transaction.Purchase_challan_new"/>
  <testcase name="pendingor" time="10.228" classname="Inventory_Transaction.Purchase_challan_new"/>
  <testcase name="itemCode" time="120.424" classname="Inventory_Transaction.Purchase_challan_new"/>
  <testcase name="itemSelect" time="60.081" classname="Inventory_Transaction.Purchase_challan_new"/>
  <testcase name="quaty" time="0.000" classname="Inventory_Transaction.Purchase_challan_new"/>
</testsuite> <!-- Inventory_Transaction.Purchase_challan_new -->
